<?xml version="1.0" encoding="UTF-8"?>
<!-- Generated by org.testng.reporters.JUnitXMLReporter -->
<testsuite hostname="Viktoriyas-MacBook-Pro-2.local" ignored="0" name="All functionality" tests="5" failures="0" timestamp="2023-01-30T21:59:45 CST" time="162.354" errors="0">
  <testcase name="validateMainMenu" time="2.617" classname="scripts.UnitedAirlinesTest"/>
  <testcase name="validateBookTravelMenu" time="2.507" classname="scripts.UnitedAirlinesTest"/>
  <testcase name="validateRadioButtonInBookTravelMenu" time="4.223" classname="scripts.UnitedAirlinesTest"/>
  <testcase name="validateCheckboxes" time="7.325" classname="scripts.UnitedAirlinesTest"/>
  <testcase name="validateOneWayTicket" time="19.316" classname="scripts.UnitedAirlinesTest"/>
</testsuite> <!-- All functionality -->
