<?xml version="1.0" encoding="UTF-8"?>
<!-- Generated by org.testng.reporters.JUnitXMLReporter -->
<testsuite hostname="Viktoriyas-MacBook-Pro-2.local" ignored="0" name="Command line test" tests="5" failures="0" timestamp="2023-01-30T21:55:51 CST" time="171.254" errors="0">
  <testcase name="validateMainMenu" time="3.394" classname="scripts.UnitedAirlinesTest"/>
  <testcase name="validateBookTravelMenu" time="2.439" classname="scripts.UnitedAirlinesTest"/>
  <testcase name="validateRadioButtonInBookTravelMenu" time="4.141" classname="scripts.UnitedAirlinesTest"/>
  <testcase name="validateCheckboxes" time="6.142" classname="scripts.UnitedAirlinesTest"/>
  <testcase name="validateOneWayTicket" time="19.18" classname="scripts.UnitedAirlinesTest"/>
</testsuite> <!-- Command line test -->
