<?xml version="1.0" encoding="UTF-8"?>
<testng-results skipped="0" failed="1" ignored="0" total="5" passed="4">
  <reporter-output>
  </reporter-output>
  <suite name="scripts.UnitedAirlinesTest" duration-ms="168220" started-at="2023-01-30T18:05:53 CST" finished-at="2023-01-30T18:08:41 CST">
    <groups>
    </groups>
    <test name="Command line test" duration-ms="168220" started-at="2023-01-30T18:05:53 CST" finished-at="2023-01-30T18:08:41 CST">
      <class name="scripts.UnitedAirlinesTest">
        <test-method status="PASS" signature="setup()[pri:0, instance:scripts.UnitedAirlinesTest@4f7d0008]" name="setup" is-config="true" duration-ms="31681" started-at="2023-01-30T18:05:53 CST" finished-at="2023-01-30T18:06:25 CST">
          <reporter-output>
          </reporter-output>
        </test-method> <!-- setup -->
        <test-method status="PASS" signature="setPage()[pri:0, instance:scripts.UnitedAirlinesTest@4f7d0008]" name="setPage" is-config="true" duration-ms="58" started-at="2023-01-30T18:06:25 CST" finished-at="2023-01-30T18:06:25 CST">
          <reporter-output>
          </reporter-output>
        </test-method> <!-- setPage -->
        <test-method status="PASS" signature="validateMainMenu()[pri:1, instance:scripts.UnitedAirlinesTest@4f7d0008]" name="validateMainMenu" duration-ms="3466" started-at="2023-01-30T18:06:25 CST" description="Validate &quot;Main menu&quot; navigation items" finished-at="2023-01-30T18:06:28 CST">
          <reporter-output>
          </reporter-output>
        </test-method> <!-- validateMainMenu -->
        <test-method status="PASS" signature="teardown()[pri:0, instance:scripts.UnitedAirlinesTest@4f7d0008]" name="teardown" is-config="true" duration-ms="428" started-at="2023-01-30T18:06:28 CST" finished-at="2023-01-30T18:06:29 CST">
          <reporter-output>
          </reporter-output>
        </test-method> <!-- teardown -->
        <test-method status="PASS" signature="setup()[pri:0, instance:scripts.UnitedAirlinesTest@4f7d0008]" name="setup" is-config="true" duration-ms="24035" started-at="2023-01-30T18:06:29 CST" finished-at="2023-01-30T18:06:53 CST">
          <reporter-output>
          </reporter-output>
        </test-method> <!-- setup -->
        <test-method status="PASS" signature="setPage()[pri:0, instance:scripts.UnitedAirlinesTest@4f7d0008]" name="setPage" is-config="true" duration-ms="8" started-at="2023-01-30T18:06:53 CST" finished-at="2023-01-30T18:06:53 CST">
          <reporter-output>
          </reporter-output>
        </test-method> <!-- setPage -->
        <test-method status="PASS" signature="validateBookTravelMenu()[pri:2, instance:scripts.UnitedAirlinesTest@4f7d0008]" name="validateBookTravelMenu" duration-ms="2141" started-at="2023-01-30T18:06:53 CST" description="Validate &quot;Book travel menu&quot; navigation items" finished-at="2023-01-30T18:06:55 CST">
          <reporter-output>
          </reporter-output>
        </test-method> <!-- validateBookTravelMenu -->
        <test-method status="PASS" signature="teardown()[pri:0, instance:scripts.UnitedAirlinesTest@4f7d0008]" name="teardown" is-config="true" duration-ms="171" started-at="2023-01-30T18:06:55 CST" finished-at="2023-01-30T18:06:55 CST">
          <reporter-output>
          </reporter-output>
        </test-method> <!-- teardown -->
        <test-method status="PASS" signature="setup()[pri:0, instance:scripts.UnitedAirlinesTest@4f7d0008]" name="setup" is-config="true" duration-ms="23852" started-at="2023-01-30T18:06:55 CST" finished-at="2023-01-30T18:07:19 CST">
          <reporter-output>
          </reporter-output>
        </test-method> <!-- setup -->
        <test-method status="PASS" signature="setPage()[pri:0, instance:scripts.UnitedAirlinesTest@4f7d0008]" name="setPage" is-config="true" duration-ms="6" started-at="2023-01-30T18:07:19 CST" finished-at="2023-01-30T18:07:19 CST">
          <reporter-output>
          </reporter-output>
        </test-method> <!-- setPage -->
        <test-method status="PASS" signature="validateRadioButtonInBookTravelMenu()[pri:3, instance:scripts.UnitedAirlinesTest@4f7d0008]" name="validateRadioButtonInBookTravelMenu" duration-ms="4361" started-at="2023-01-30T18:07:19 CST" description="Validate &quot;Round-trip&quot; and &quot;One-way&quot; radio buttons" finished-at="2023-01-30T18:07:23 CST">
          <reporter-output>
          </reporter-output>
        </test-method> <!-- validateRadioButtonInBookTravelMenu -->
        <test-method status="PASS" signature="teardown()[pri:0, instance:scripts.UnitedAirlinesTest@4f7d0008]" name="teardown" is-config="true" duration-ms="228" started-at="2023-01-30T18:07:23 CST" finished-at="2023-01-30T18:07:24 CST">
          <reporter-output>
          </reporter-output>
        </test-method> <!-- teardown -->
        <test-method status="PASS" signature="setup()[pri:0, instance:scripts.UnitedAirlinesTest@4f7d0008]" name="setup" is-config="true" duration-ms="24690" started-at="2023-01-30T18:07:24 CST" finished-at="2023-01-30T18:07:48 CST">
          <reporter-output>
          </reporter-output>
        </test-method> <!-- setup -->
        <test-method status="PASS" signature="setPage()[pri:0, instance:scripts.UnitedAirlinesTest@4f7d0008]" name="setPage" is-config="true" duration-ms="8" started-at="2023-01-30T18:07:48 CST" finished-at="2023-01-30T18:07:48 CST">
          <reporter-output>
          </reporter-output>
        </test-method> <!-- setPage -->
        <test-method status="PASS" signature="validateCheckboxes()[pri:4, instance:scripts.UnitedAirlinesTest@4f7d0008]" name="validateCheckboxes" duration-ms="5915" started-at="2023-01-30T18:07:48 CST" description="Validate &quot;Book with miles&quot; and &quot;Flexible dates&quot; checkboxes" finished-at="2023-01-30T18:07:54 CST">
          <reporter-output>
          </reporter-output>
        </test-method> <!-- validateCheckboxes -->
        <test-method status="PASS" signature="teardown()[pri:0, instance:scripts.UnitedAirlinesTest@4f7d0008]" name="teardown" is-config="true" duration-ms="265" started-at="2023-01-30T18:07:54 CST" finished-at="2023-01-30T18:07:55 CST">
          <reporter-output>
          </reporter-output>
        </test-method> <!-- teardown -->
        <test-method status="PASS" signature="setup()[pri:0, instance:scripts.UnitedAirlinesTest@4f7d0008]" name="setup" is-config="true" duration-ms="22781" started-at="2023-01-30T18:07:55 CST" finished-at="2023-01-30T18:08:17 CST">
          <reporter-output>
          </reporter-output>
        </test-method> <!-- setup -->
        <test-method status="PASS" signature="setPage()[pri:0, instance:scripts.UnitedAirlinesTest@4f7d0008]" name="setPage" is-config="true" duration-ms="6" started-at="2023-01-30T18:08:17 CST" finished-at="2023-01-30T18:08:17 CST">
          <reporter-output>
          </reporter-output>
        </test-method> <!-- setPage -->
        <test-method status="FAIL" signature="validateOneWayTicket()[pri:5, instance:scripts.UnitedAirlinesTest@4f7d0008]" name="validateOneWayTicket" duration-ms="23780" started-at="2023-01-30T18:08:17 CST" description="Validate One-way ticket search results from Chicago, IL, US (ORD) to Miami, FL, US (MIA)" finished-at="2023-01-30T18:08:41 CST">
          <exception class="org.openqa.selenium.NoSuchElementException">
            <message>
              <![CDATA[no such element: Unable to locate element: {"method":"css selector","selector":"div[class*='ColumnSortResultHeader-styles_']"}
  (Session info: chrome=109.0.5414.119)
For documentation on this error, please visit: https://www.seleniumhq.org/exceptions/no_such_element.html
Build info: version: '3.141.59', revision: 'e82be7d358', time: '2018-11-14T08:17:03'
System info: host: 'ViktoriyasMBP2.local.tld', ip: 'fe80:0:0:0:1498:65c1:ae78:79e0%en0', os.name: 'Mac OS X', os.arch: 'x86_64', os.version: '10.16', java.version: '1.8.0_301'
Driver info: org.openqa.selenium.chrome.ChromeDriver
Capabilities {acceptInsecureCerts: false, browserName: chrome, browserVersion: 109.0.5414.119, chrome: {chromedriverVersion: 109.0.5414.74 (e7c5703604da..., userDataDir: /var/folders/jz/2js468655k1...}, goog:chromeOptions: {debuggerAddress: localhost:49917}, javascriptEnabled: true, networkConnectionEnabled: false, pageLoadStrategy: normal, platform: MAC, platformName: MAC, proxy: Proxy(), setWindowRect: true, strictFileInteractability: false, timeouts: {implicit: 0, pageLoad: 300000, script: 30000}, unhandledPromptBehavior: dismiss and notify, webauthn:extension:credBlob: true, webauthn:extension:largeBlob: true, webauthn:virtualAuthenticators: true}
Session ID: 232d530f16fb866ad8e15a2db3904614
*** Element info: {Using=css selector, value=div[class*='ColumnSortResultHeader-styles_']}]]>
            </message>
            <full-stacktrace>
              <![CDATA[org.openqa.selenium.NoSuchElementException: no such element: Unable to locate element: {"method":"css selector","selector":"div[class*='ColumnSortResultHeader-styles_']"}
  (Session info: chrome=109.0.5414.119)
For documentation on this error, please visit: https://www.seleniumhq.org/exceptions/no_such_element.html
Build info: version: '3.141.59', revision: 'e82be7d358', time: '2018-11-14T08:17:03'
System info: host: 'ViktoriyasMBP2.local.tld', ip: 'fe80:0:0:0:1498:65c1:ae78:79e0%en0', os.name: 'Mac OS X', os.arch: 'x86_64', os.version: '10.16', java.version: '1.8.0_301'
Driver info: org.openqa.selenium.chrome.ChromeDriver
Capabilities {acceptInsecureCerts: false, browserName: chrome, browserVersion: 109.0.5414.119, chrome: {chromedriverVersion: 109.0.5414.74 (e7c5703604da..., userDataDir: /var/folders/jz/2js468655k1...}, goog:chromeOptions: {debuggerAddress: localhost:49917}, javascriptEnabled: true, networkConnectionEnabled: false, pageLoadStrategy: normal, platform: MAC, platformName: MAC, proxy: Proxy(), setWindowRect: true, strictFileInteractability: false, timeouts: {implicit: 0, pageLoad: 300000, script: 30000}, unhandledPromptBehavior: dismiss and notify, webauthn:extension:credBlob: true, webauthn:extension:largeBlob: true, webauthn:virtualAuthenticators: true}
Session ID: 232d530f16fb866ad8e15a2db3904614
*** Element info: {Using=css selector, value=div[class*='ColumnSortResultHeader-styles_']}
at sun.reflect.NativeConstructorAccessorImpl.newInstance0(Native Method)
at sun.reflect.NativeConstructorAccessorImpl.newInstance(NativeConstructorAccessorImpl.java:62)
at sun.reflect.DelegatingConstructorAccessorImpl.newInstance(DelegatingConstructorAccessorImpl.java:45)
at java.lang.reflect.Constructor.newInstance(Constructor.java:423)
at org.openqa.selenium.remote.http.W3CHttpResponseCodec.createException(W3CHttpResponseCodec.java:187)
at org.openqa.selenium.remote.http.W3CHttpResponseCodec.decode(W3CHttpResponseCodec.java:122)
at org.openqa.selenium.remote.http.W3CHttpResponseCodec.decode(W3CHttpResponseCodec.java:49)
at org.openqa.selenium.remote.HttpCommandExecutor.execute(HttpCommandExecutor.java:158)
at org.openqa.selenium.remote.service.DriverCommandExecutor.execute(DriverCommandExecutor.java:83)
at org.openqa.selenium.remote.RemoteWebDriver.execute(RemoteWebDriver.java:552)
at org.openqa.selenium.remote.RemoteWebDriver.findElement(RemoteWebDriver.java:323)
at org.openqa.selenium.remote.RemoteWebDriver.findElementByCssSelector(RemoteWebDriver.java:420)
at org.openqa.selenium.By$ByCssSelector.findElement(By.java:431)
at org.openqa.selenium.remote.RemoteWebDriver.findElement(RemoteWebDriver.java:315)
at org.openqa.selenium.support.pagefactory.DefaultElementLocator.findElement(DefaultElementLocator.java:69)
at org.openqa.selenium.support.pagefactory.internal.LocatingElementHandler.invoke(LocatingElementHandler.java:38)
at com.sun.proxy.$Proxy8.getText(Unknown Source)
at scripts.UnitedAirlinesTest.validateOneWayTicket(UnitedAirlinesTest.java:148)
at sun.reflect.NativeMethodAccessorImpl.invoke0(Native Method)
at sun.reflect.NativeMethodAccessorImpl.invoke(NativeMethodAccessorImpl.java:62)
at sun.reflect.DelegatingMethodAccessorImpl.invoke(DelegatingMethodAccessorImpl.java:43)
at java.lang.reflect.Method.invoke(Method.java:498)
at org.testng.internal.MethodInvocationHelper.invokeMethod(MethodInvocationHelper.java:134)
at org.testng.internal.TestInvoker.invokeMethod(TestInvoker.java:597)
at org.testng.internal.TestInvoker.invokeTestMethod(TestInvoker.java:173)
at org.testng.internal.MethodRunner.runInSequence(MethodRunner.java:46)
at org.testng.internal.TestInvoker$MethodInvocationAgent.invoke(TestInvoker.java:816)
at org.testng.internal.TestInvoker.invokeTestMethods(TestInvoker.java:146)
at org.testng.internal.TestMethodWorker.invokeTestMethods(TestMethodWorker.java:146)
at org.testng.internal.TestMethodWorker.run(TestMethodWorker.java:128)
at java.util.ArrayList.forEach(ArrayList.java:1259)
at org.testng.TestRunner.privateRun(TestRunner.java:766)
at org.testng.TestRunner.run(TestRunner.java:587)
at org.testng.SuiteRunner.runTest(SuiteRunner.java:384)
at org.testng.SuiteRunner.runSequentially(SuiteRunner.java:378)
at org.testng.SuiteRunner.privateRun(SuiteRunner.java:337)
at org.testng.SuiteRunner.run(SuiteRunner.java:286)
at org.testng.SuiteRunnerWorker.runSuite(SuiteRunnerWorker.java:53)
at org.testng.SuiteRunnerWorker.run(SuiteRunnerWorker.java:96)
at org.testng.TestNG.runSuitesSequentially(TestNG.java:1187)
at org.testng.TestNG.runSuitesLocally(TestNG.java:1109)
at org.testng.TestNG.runSuites(TestNG.java:1039)
at org.testng.TestNG.run(TestNG.java:1007)
at org.apache.maven.surefire.testng.TestNGExecutor.run(TestNGExecutor.java:77)
at org.apache.maven.surefire.testng.TestNGDirectoryTestSuite.execute(TestNGDirectoryTestSuite.java:110)
at org.apache.maven.surefire.testng.TestNGProvider.invoke(TestNGProvider.java:106)
at sun.reflect.NativeMethodAccessorImpl.invoke0(Native Method)
at sun.reflect.NativeMethodAccessorImpl.invoke(NativeMethodAccessorImpl.java:62)
at sun.reflect.DelegatingMethodAccessorImpl.invoke(DelegatingMethodAccessorImpl.java:43)
at java.lang.reflect.Method.invoke(Method.java:498)
at org.apache.maven.surefire.util.ReflectionUtils.invokeMethodWithArray(ReflectionUtils.java:189)
at org.apache.maven.surefire.booter.ProviderFactory$ProviderProxy.invoke(ProviderFactory.java:165)
at org.apache.maven.surefire.booter.ProviderFactory.invokeProvider(ProviderFactory.java:85)
at org.apache.maven.surefire.booter.ForkedBooter.runSuitesInProcess(ForkedBooter.java:115)
at org.apache.maven.surefire.booter.ForkedBooter.main(ForkedBooter.java:75)
]]>
            </full-stacktrace>
          </exception> <!-- org.openqa.selenium.NoSuchElementException -->
          <reporter-output>
          </reporter-output>
        </test-method> <!-- validateOneWayTicket -->
        <test-method status="PASS" signature="teardown()[pri:0, instance:scripts.UnitedAirlinesTest@4f7d0008]" name="teardown" is-config="true" duration-ms="258" started-at="2023-01-30T18:08:41 CST" finished-at="2023-01-30T18:08:41 CST">
          <reporter-output>
          </reporter-output>
        </test-method> <!-- teardown -->
      </class> <!-- scripts.UnitedAirlinesTest -->
    </test> <!-- Command line test -->
  </suite> <!-- scripts.UnitedAirlinesTest -->
</testng-results>
