<?xml version="1.0" encoding="UTF-8"?>
<testng-results skipped="0" failed="0" ignored="0" total="5" passed="5">
  <reporter-output>
  </reporter-output>
  <suite name="Regression" duration-ms="162354" started-at="2023-01-30T21:57:03 CST" finished-at="2023-01-30T21:59:45 CST">
    <groups>
    </groups>
    <test name="All functionality" duration-ms="162354" started-at="2023-01-30T21:57:03 CST" finished-at="2023-01-30T21:59:45 CST">
      <class name="scripts.UnitedAirlinesTest">
        <test-method status="PASS" signature="setup()[pri:0, instance:scripts.UnitedAirlinesTest@4dfa3a9d]" name="setup" is-config="true" duration-ms="27586" started-at="2023-01-30T21:57:03 CST" finished-at="2023-01-30T21:57:31 CST">
          <reporter-output>
          </reporter-output>
        </test-method> <!-- setup -->
        <test-method status="PASS" signature="setPage()[pri:0, instance:scripts.UnitedAirlinesTest@4dfa3a9d]" name="setPage" is-config="true" duration-ms="65" started-at="2023-01-30T21:57:31 CST" finished-at="2023-01-30T21:57:31 CST">
          <reporter-output>
          </reporter-output>
        </test-method> <!-- setPage -->
        <test-method status="PASS" signature="validateMainMenu()[pri:1, instance:scripts.UnitedAirlinesTest@4dfa3a9d]" name="validateMainMenu" duration-ms="2617" started-at="2023-01-30T21:57:31 CST" description="Validate &quot;Main menu&quot; navigation items" finished-at="2023-01-30T21:57:33 CST">
          <reporter-output>
          </reporter-output>
        </test-method> <!-- validateMainMenu -->
        <test-method status="PASS" signature="teardown()[pri:0, instance:scripts.UnitedAirlinesTest@4dfa3a9d]" name="teardown" is-config="true" duration-ms="593" started-at="2023-01-30T21:57:33 CST" finished-at="2023-01-30T21:57:34 CST">
          <reporter-output>
          </reporter-output>
        </test-method> <!-- teardown -->
        <test-method status="PASS" signature="setup()[pri:0, instance:scripts.UnitedAirlinesTest@4dfa3a9d]" name="setup" is-config="true" duration-ms="23694" started-at="2023-01-30T21:57:34 CST" finished-at="2023-01-30T21:57:58 CST">
          <reporter-output>
          </reporter-output>
        </test-method> <!-- setup -->
        <test-method status="PASS" signature="setPage()[pri:0, instance:scripts.UnitedAirlinesTest@4dfa3a9d]" name="setPage" is-config="true" duration-ms="10" started-at="2023-01-30T21:57:58 CST" finished-at="2023-01-30T21:57:58 CST">
          <reporter-output>
          </reporter-output>
        </test-method> <!-- setPage -->
        <test-method status="PASS" signature="validateBookTravelMenu()[pri:2, instance:scripts.UnitedAirlinesTest@4dfa3a9d]" name="validateBookTravelMenu" duration-ms="2507" started-at="2023-01-30T21:57:58 CST" description="Validate &quot;Book travel menu&quot; navigation items" finished-at="2023-01-30T21:58:00 CST">
          <reporter-output>
          </reporter-output>
        </test-method> <!-- validateBookTravelMenu -->
        <test-method status="PASS" signature="teardown()[pri:0, instance:scripts.UnitedAirlinesTest@4dfa3a9d]" name="teardown" is-config="true" duration-ms="189" started-at="2023-01-30T21:58:00 CST" finished-at="2023-01-30T21:58:00 CST">
          <reporter-output>
          </reporter-output>
        </test-method> <!-- teardown -->
        <test-method status="PASS" signature="setup()[pri:0, instance:scripts.UnitedAirlinesTest@4dfa3a9d]" name="setup" is-config="true" duration-ms="23592" started-at="2023-01-30T21:58:00 CST" finished-at="2023-01-30T21:58:24 CST">
          <reporter-output>
          </reporter-output>
        </test-method> <!-- setup -->
        <test-method status="PASS" signature="setPage()[pri:0, instance:scripts.UnitedAirlinesTest@4dfa3a9d]" name="setPage" is-config="true" duration-ms="6" started-at="2023-01-30T21:58:24 CST" finished-at="2023-01-30T21:58:24 CST">
          <reporter-output>
          </reporter-output>
        </test-method> <!-- setPage -->
        <test-method status="PASS" signature="validateRadioButtonInBookTravelMenu()[pri:3, instance:scripts.UnitedAirlinesTest@4dfa3a9d]" name="validateRadioButtonInBookTravelMenu" duration-ms="4223" started-at="2023-01-30T21:58:24 CST" description="Validate &quot;Round-trip&quot; and &quot;One-way&quot; radio buttons" finished-at="2023-01-30T21:58:28 CST">
          <reporter-output>
          </reporter-output>
        </test-method> <!-- validateRadioButtonInBookTravelMenu -->
        <test-method status="PASS" signature="teardown()[pri:0, instance:scripts.UnitedAirlinesTest@4dfa3a9d]" name="teardown" is-config="true" duration-ms="439" started-at="2023-01-30T21:58:28 CST" finished-at="2023-01-30T21:58:29 CST">
          <reporter-output>
          </reporter-output>
        </test-method> <!-- teardown -->
        <test-method status="PASS" signature="setup()[pri:0, instance:scripts.UnitedAirlinesTest@4dfa3a9d]" name="setup" is-config="true" duration-ms="24406" started-at="2023-01-30T21:58:29 CST" finished-at="2023-01-30T21:58:53 CST">
          <reporter-output>
          </reporter-output>
        </test-method> <!-- setup -->
        <test-method status="PASS" signature="setPage()[pri:0, instance:scripts.UnitedAirlinesTest@4dfa3a9d]" name="setPage" is-config="true" duration-ms="9" started-at="2023-01-30T21:58:53 CST" finished-at="2023-01-30T21:58:53 CST">
          <reporter-output>
          </reporter-output>
        </test-method> <!-- setPage -->
        <test-method status="PASS" signature="validateCheckboxes()[pri:4, instance:scripts.UnitedAirlinesTest@4dfa3a9d]" name="validateCheckboxes" duration-ms="7325" started-at="2023-01-30T21:58:53 CST" description="Validate &quot;Book with miles&quot; and &quot;Flexible dates&quot; checkboxes" finished-at="2023-01-30T21:59:00 CST">
          <reporter-output>
          </reporter-output>
        </test-method> <!-- validateCheckboxes -->
        <test-method status="PASS" signature="teardown()[pri:0, instance:scripts.UnitedAirlinesTest@4dfa3a9d]" name="teardown" is-config="true" duration-ms="184" started-at="2023-01-30T21:59:00 CST" finished-at="2023-01-30T21:59:01 CST">
          <reporter-output>
          </reporter-output>
        </test-method> <!-- teardown -->
        <test-method status="PASS" signature="setup()[pri:0, instance:scripts.UnitedAirlinesTest@4dfa3a9d]" name="setup" is-config="true" duration-ms="24382" started-at="2023-01-30T21:59:01 CST" finished-at="2023-01-30T21:59:25 CST">
          <reporter-output>
          </reporter-output>
        </test-method> <!-- setup -->
        <test-method status="PASS" signature="setPage()[pri:0, instance:scripts.UnitedAirlinesTest@4dfa3a9d]" name="setPage" is-config="true" duration-ms="6" started-at="2023-01-30T21:59:25 CST" finished-at="2023-01-30T21:59:25 CST">
          <reporter-output>
          </reporter-output>
        </test-method> <!-- setPage -->
        <test-method status="PASS" signature="validateOneWayTicket()[pri:5, instance:scripts.UnitedAirlinesTest@4dfa3a9d]" name="validateOneWayTicket" duration-ms="19316" started-at="2023-01-30T21:59:25 CST" description="Validate One-way ticket search results from Chicago, IL, US (ORD) to Miami, FL, US (MIA)" finished-at="2023-01-30T21:59:44 CST">
          <reporter-output>
          </reporter-output>
        </test-method> <!-- validateOneWayTicket -->
        <test-method status="PASS" signature="teardown()[pri:0, instance:scripts.UnitedAirlinesTest@4dfa3a9d]" name="teardown" is-config="true" duration-ms="1130" started-at="2023-01-30T21:59:44 CST" finished-at="2023-01-30T21:59:45 CST">
          <reporter-output>
          </reporter-output>
        </test-method> <!-- teardown -->
      </class> <!-- scripts.UnitedAirlinesTest -->
    </test> <!-- All functionality -->
  </suite> <!-- Regression -->
</testng-results>
